C:\CYGWIN\HOME\C\SKYNET\AICHALLENGE\DEBUG\ABSTRACTGAME.OBJ
C:\CYGWIN\HOME\C\SKYNET\AICHALLENGE\DEBUG\AICHALLENGE.EXE
C:\cygwin\home\C\Skynet\AIchallenge\Debug\AIchallenge.exe.embed.manifest
C:\CYGWIN\HOME\C\SKYNET\AICHALLENGE\DEBUG\AICHALLENGE.EXE.EMBED.MANIFEST.RES
C:\CYGWIN\HOME\C\SKYNET\AICHALLENGE\DEBUG\AICHALLENGE.EXE.INTERMEDIATE.MANIFEST
C:\CYGWIN\HOME\C\SKYNET\AICHALLENGE\DEBUG\AICHALLENGE.ILK
C:\CYGWIN\HOME\C\SKYNET\AICHALLENGE\DEBUG\AICHALLENGE.OBJ
C:\CYGWIN\HOME\C\SKYNET\AICHALLENGE\DEBUG\AICHALLENGE.PDB
C:\CYGWIN\HOME\C\SKYNET\AICHALLENGE\DEBUG\AICHALLENGE.RES
C:\cygwin\home\C\Skynet\AIchallenge\Debug\AIchallenge_manifest.rc
C:\cygwin\home\C\Skynet\AIchallenge\Debug\cl.command.1.tlog
C:\cygwin\home\C\Skynet\AIchallenge\Debug\CL.read.1.tlog
C:\cygwin\home\C\Skynet\AIchallenge\Debug\CL.write.1.tlog
C:\CYGWIN\HOME\C\SKYNET\AICHALLENGE\DEBUG\GAMEENGINE.OBJ
C:\CYGWIN\HOME\C\SKYNET\AICHALLENGE\DEBUG\GAMEWINMAIN.OBJ
C:\cygwin\home\C\Skynet\AIchallenge\Debug\link.command.1.tlog
C:\cygwin\home\C\Skynet\AIchallenge\Debug\link.read.1.tlog
C:\cygwin\home\C\Skynet\AIchallenge\Debug\link.write.1.tlog
C:\cygwin\home\C\Skynet\AIchallenge\Debug\link-cvtres.read.1.tlog
C:\cygwin\home\C\Skynet\AIchallenge\Debug\link-cvtres.write.1.tlog
C:\cygwin\home\C\Skynet\AIchallenge\Debug\mt.command.1.tlog
C:\cygwin\home\C\Skynet\AIchallenge\Debug\mt.read.1.tlog
C:\cygwin\home\C\Skynet\AIchallenge\Debug\mt.write.1.tlog
C:\cygwin\home\C\Skynet\AIchallenge\Debug\rc.command.1.tlog
C:\cygwin\home\C\Skynet\AIchallenge\Debug\rc.read.1.tlog
C:\cygwin\home\C\Skynet\AIchallenge\Debug\rc.write.1.tlog
C:\cygwin\home\C\Skynet\AIchallenge\Debug\vc100.idb
C:\CYGWIN\HOME\C\SKYNET\AICHALLENGE\DEBUG\VC100.PDB
C:\USERS\C\SKYNET\AICHALLENGE\DEBUG\ABSTRACTGAME.OBJ
C:\USERS\C\SKYNET\AICHALLENGE\DEBUG\AICHALLENGE.EXE
C:\USERS\C\SKYNET\AICHALLENGE\DEBUG\AICHALLENGE.EXE.EMBED.MANIFEST
C:\USERS\C\SKYNET\AICHALLENGE\DEBUG\AICHALLENGE.EXE.EMBED.MANIFEST.RES
C:\USERS\C\SKYNET\AICHALLENGE\DEBUG\AICHALLENGE.EXE.INTERMEDIATE.MANIFEST
C:\USERS\C\SKYNET\AICHALLENGE\DEBUG\AICHALLENGE.ILK
C:\USERS\C\SKYNET\AICHALLENGE\DEBUG\AICHALLENGE.OBJ
C:\USERS\C\SKYNET\AICHALLENGE\DEBUG\AICHALLENGE.PDB
C:\USERS\C\SKYNET\AICHALLENGE\DEBUG\AICHALLENGE.RES
C:\USERS\C\SKYNET\AICHALLENGE\DEBUG\GAMEENGINE.OBJ
C:\USERS\C\SKYNET\AICHALLENGE\DEBUG\GAMEWINMAIN.OBJ
C:\USERS\C\SKYNET\AICHALLENGE\DEBUG\VC100.PDB
